<?xml version="1.0" encoding="UTF-8"?>
<!-- Generated by org.testng.reporters.JUnitReportReporter -->
<testsuite hostname="DESKTOP-Q54L9MU" failures="0" tests="5" name="testing.Sample" time="36.966" errors="0" timestamp="2024-10-19T09:43:02 IST" skipped="1">
  <testcase classname="testing.Sample" name="Login" time="9.886"/>
  <system-out>
    <![CDATA[login is successfull]]>
  </system-out>
  <testcase classname="testing.Sample" name="Login" time="9.452"/>
  <system-out>
    <![CDATA[login is successfull]]>
  </system-out>
  <testcase classname="testing.Sample" name="Login" time="10.169"/>
  <system-out>
    <![CDATA[login is successfull]]>
  </system-out>
  <testcase classname="testing.Sample" name="Login" time="7.459"/>
  <system-out>
    <![CDATA[login is successfull]]>
  </system-out>
  <testcase classname="testing.Sample" name="Register">
    <skipped/>
  </testcase> <!-- Register -->
  <system-out/>
</testsuite> <!-- testing.Sample -->
