<?xml version="1.0" encoding="UTF-8"?>
<!-- Generated by org.testng.reporters.JUnitReportReporter -->
<testsuite hostname="DESKTOP-Q54L9MU" failures="0" tests="1" name="bikeassignment.Yamaha" time="5.432" errors="0" timestamp="2024-10-23T22:14:06 IST" skipped="0">
  <testcase classname="bikeassignment.Yamaha" name="lunch" time="5.432"/>
  <system-out>
    <![CDATA[Yamaha bike is launched successfully]]>
  </system-out>
</testsuite> <!-- bikeassignment.Yamaha -->
