<?xml version="1.0" encoding="UTF-8"?>
<!-- Generated by org.testng.reporters.JUnitReportReporter -->
<testsuite hostname="DESKTOP-Q54L9MU" failures="0" tests="3" name="crossBrowsingTesting.ToLearnCrossBrowserTesting" time="31.981" errors="0" timestamp="2024-10-28T21:22:37 IST" skipped="0">
  <testcase classname="crossBrowsingTesting.ToLearnCrossBrowserTesting" name="launch" time="7.227"/>
  <system-out/>
  <testcase classname="crossBrowsingTesting.ToLearnCrossBrowserTesting" name="launch" time="14.009"/>
  <system-out/>
  <testcase classname="crossBrowsingTesting.ToLearnCrossBrowserTesting" name="launch" time="10.745"/>
  <system-out/>
</testsuite> <!-- crossBrowsingTesting.ToLearnCrossBrowserTesting -->
