<?xml version="1.0" encoding="UTF-8"?>
<!-- Generated by org.testng.reporters.JUnitReportReporter -->
<testsuite hostname="DESKTOP-Q54L9MU" failures="0" tests="2" name="testng.ConfigurationAnnotations" time="0.012" errors="0" timestamp="2024-10-24T08:57:51 IST" skipped="0">
  <testcase classname="testng.ConfigurationAnnotations" name="sample" time="0.003"/>
  <system-out>
    <![CDATA[@Test(sample)]]>
  </system-out>
  <testcase classname="testng.ConfigurationAnnotations" name="demo" time="0.009"/>
  <system-out>
    <![CDATA[@Test(demo) execute ]]>
  </system-out>
</testsuite> <!-- testng.ConfigurationAnnotations -->
