<?xml version="1.0" encoding="UTF-8"?>
<!-- Generated by org.testng.reporters.JUnitReportReporter -->
<testsuite hostname="DESKTOP-Q54L9MU" failures="0" tests="1" name="Cars.Sujuki" time="8.335" errors="0" timestamp="2024-10-22T09:50:24 IST" skipped="0">
  <testcase classname="Cars.Sujuki" name="lunch" time="8.335"/>
  <system-out>
    <![CDATA[marutisujuki is launched successfully]]>
  </system-out>
</testsuite> <!-- Cars.Sujuki -->
