<?xml version="1.0" encoding="UTF-8"?>
<!-- Generated by org.testng.reporters.JUnitReportReporter -->
<testsuite hostname="DESKTOP-Q54L9MU" failures="0" tests="1" name="testing.BankAssignment" time="12.018" errors="0" timestamp="2024-10-20T22:23:54 IST" skipped="0">
  <testcase classname="testing.BankAssignment" name="createAccount" time="12.018"/>
  <system-out>
    <![CDATA[Account created successfully]]>
  </system-out>
</testsuite> <!-- testing.BankAssignment -->
