<?xml version="1.0" encoding="UTF-8"?>
<!-- Generated by org.testng.reporters.JUnitReportReporter -->
<testsuite hostname="DESKTOP-Q54L9MU" failures="0" tests="1" name="Cars.BmwCar" time="14.016" errors="0" timestamp="2024-10-22T09:50:23 IST" skipped="0">
  <testcase classname="Cars.BmwCar" name="lunch" time="14.016"/>
  <system-out>
    <![CDATA[Bmwcar is launched successfully]]>
  </system-out>
</testsuite> <!-- Cars.BmwCar -->
