<?xml version="1.0" encoding="UTF-8"?>
<!-- Generated by org.testng.reporters.JUnitReportReporter -->
<testsuite hostname="DESKTOP-Q54L9MU" failures="0" tests="3" name="baseClass.TestAssignment" time="9.977" errors="0" timestamp="2024-10-29T09:31:09 IST" skipped="0">
  <testcase classname="baseClass.TestAssignment" name="clickonsales" time="3.195"/>
  <system-out>
    <![CDATA[sales page is displayed]]>
  </system-out>
  <testcase classname="baseClass.TestAssignment" name="clickonsales" time="3.384"/>
  <system-out>
    <![CDATA[sales page is displayed]]>
  </system-out>
  <testcase classname="baseClass.TestAssignment" name="clickonsales" time="3.398"/>
  <system-out>
    <![CDATA[sales page is displayed]]>
  </system-out>
</testsuite> <!-- baseClass.TestAssignment -->
