<?xml version="1.0" encoding="UTF-8"?>
<!-- Generated by org.testng.reporters.JUnitReportReporter -->
<testsuite hostname="DESKTOP-Q54L9MU" failures="0" tests="1" name="bikeassignment.Ktm" time="9.275" errors="0" timestamp="2024-10-23T22:08:14 IST" skipped="0">
  <testcase classname="bikeassignment.Ktm" name="lunch" time="9.275"/>
  <system-out>
    <![CDATA[Ktm bike is launched successfully]]>
  </system-out>
</testsuite> <!-- bikeassignment.Ktm -->
