<?xml version="1.0" encoding="UTF-8"?>
<!-- Generated by org.testng.reporters.JUnitReportReporter -->
<testsuite hostname="DESKTOP-Q54L9MU" failures="0" tests="1" name="Cars.Ferrai" time="17.748" errors="0" timestamp="2024-10-22T09:50:24 IST" skipped="0">
  <testcase classname="Cars.Ferrai" name="lunch" time="17.748"/>
  <system-out>
    <![CDATA[Ferrari is launched successfully]]>
  </system-out>
</testsuite> <!-- Cars.Ferrai -->
