<?xml version="1.0" encoding="UTF-8"?>
<!-- Generated by org.testng.reporters.JUnitReportReporter -->
<testsuite hostname="DESKTOP-Q54L9MU" failures="0" tests="1" name="bikeassignment.Ducati" time="8.412" errors="0" timestamp="2024-10-23T22:08:14 IST" skipped="0">
  <testcase classname="bikeassignment.Ducati" name="lunch" time="8.412"/>
  <system-out>
    <![CDATA[Ducati bike is launched successfully]]>
  </system-out>
</testsuite> <!-- bikeassignment.Ducati -->
