<?xml version="1.0" encoding="UTF-8"?>
<!-- Generated by org.testng.reporters.JUnitReportReporter -->
<testsuite hostname="DESKTOP-Q54L9MU" failures="0" tests="1" name="assertions.ToLearnSoftAssert" time="10.292" errors="0" timestamp="2024-10-25T19:43:01 IST" skipped="0">
  <testcase classname="assertions.ToLearnSoftAssert" name="login" time="10.292"/>
  <system-out>
    <![CDATA[Welcome page is displayed
login page is displayed
Homepage is displayed]]>
  </system-out>
</testsuite> <!-- assertions.ToLearnSoftAssert -->
