<?xml version="1.0" encoding="UTF-8"?>
<!-- Generated by org.testng.reporters.JUnitReportReporter -->
<testsuite hostname="DESKTOP-Q54L9MU" failures="0" tests="4" name="dataprovider.ToLearnDataProvider" time="35.900" errors="0" timestamp="2024-10-26T09:47:02 IST" skipped="0">
  <testcase classname="dataprovider.ToLearnDataProvider" name="login" time="8.657"/>
  <system-out/>
  <testcase classname="dataprovider.ToLearnDataProvider" name="login" time="8.822"/>
  <system-out/>
  <testcase classname="dataprovider.ToLearnDataProvider" name="login" time="9.128"/>
  <system-out/>
  <testcase classname="dataprovider.ToLearnDataProvider" name="login" time="9.293"/>
  <system-out/>
</testsuite> <!-- dataprovider.ToLearnDataProvider -->
