<?xml version="1.0" encoding="UTF-8"?>
<!-- Generated by org.testng.reporters.JUnitReportReporter -->
<testsuite hostname="DESKTOP-Q54L9MU" failures="0" tests="1" name="bikeassignment.Kawasaki" time="33.648" errors="0" timestamp="2024-10-23T22:14:06 IST" skipped="0">
  <testcase classname="bikeassignment.Kawasaki" name="lunch" time="33.648"/>
  <system-out>
    <![CDATA[Kawasaki bike is launched successfully]]>
  </system-out>
</testsuite> <!-- bikeassignment.Kawasaki -->
